<?xml version="1.0" encoding="UTF-8"?>
<testng-results ignored="0" total="1" passed="1" failed="0" skipped="0">
  <reporter-output>
  </reporter-output>
  <suite started-at="2022-05-19T12:24:23 IST" name="Default suite" finished-at="2022-05-19T12:25:24 IST" duration-ms="61037">
    <groups>
      <group name="cucumber">
        <method signature="AbstractTestNGCucumberTests.runScenario(cucumber.api.testng.PickleEventWrapper,cucumber.api.testng.CucumberFeatureWrapper)[pri:0, instance:com.cap.testrunner99.TestNGRunner@192d43ce]" name="runScenario" class="cucumber.api.testng.AbstractTestNGCucumberTests"/>
      </group> <!-- cucumber -->
    </groups>
    <test started-at="2022-05-19T12:24:23 IST" name="Default test" finished-at="2022-05-19T12:25:24 IST" duration-ms="61037">
      <class name="com.cap.testrunner99.TestNGRunner">
        <test-method is-config="true" signature="setUpClass()[pri:0, instance:com.cap.testrunner99.TestNGRunner@192d43ce]" started-at="2022-05-19T12:24:23 IST" name="setUpClass" finished-at="2022-05-19T12:24:23 IST" duration-ms="265" status="PASS">
          <reporter-output>
          </reporter-output>
        </test-method> <!-- setUpClass -->
        <test-method signature="runScenario(cucumber.api.testng.PickleEventWrapper,cucumber.api.testng.CucumberFeatureWrapper)[pri:0, instance:com.cap.testrunner99.TestNGRunner@192d43ce]" started-at="2022-05-19T12:24:24 IST" name="runScenario" description="Runs Cucumber Scenarios" data-provider="scenarios" finished-at="2022-05-19T12:25:24 IST" duration-ms="60322" status="PASS">
          <params>
            <param index="0">
              <value>
                <![CDATA["Validating Products Option"]]>
              </value>
            </param>
            <param index="1">
              <value>
                <![CDATA["To validate the functionalties of Products"]]>
              </value>
            </param>
          </params>
          <reporter-output>
          </reporter-output>
        </test-method> <!-- runScenario -->
        <test-method is-config="true" signature="tearDownClass()[pri:0, instance:com.cap.testrunner99.TestNGRunner@192d43ce]" started-at="2022-05-19T12:25:24 IST" name="tearDownClass" finished-at="2022-05-19T12:25:24 IST" duration-ms="291" status="PASS">
          <reporter-output>
          </reporter-output>
        </test-method> <!-- tearDownClass -->
      </class> <!-- com.cap.testrunner99.TestNGRunner -->
    </test> <!-- Default test -->
  </suite> <!-- Default suite -->
</testng-results>
